{"C:\\Projects\\ny-times-articles\\src\\actions\\actionTypes.js": {"path":"C:\\Projects\\ny-times-articles\\src\\actions\\actionTypes.js","statementMap":{"0":{"start":{"line":1,"column":35},"end":{"line":1,"column":56}},"1":{"start":{"line":2,"column":43},"end":{"line":2,"column":72}},"2":{"start":{"line":3,"column":40},"end":{"line":3,"column":66}}},"fnMap":{},"branchMap":{},"s":{"0":3,"1":3,"2":3},"f":{},"b":{},"_coverageSchema":"43e27e138ebf9cfc5966b082cf9a028302ed4184","hash":"51199b31a3324525fd75bdf478f721209849c7d3"}
,"C:\\Projects\\ny-times-articles\\src\\actions\\index.js": {"path":"C:\\Projects\\ny-times-articles\\src\\actions\\index.js","statementMap":{"0":{"start":{"line":7,"column":33},"end":{"line":9,"column":2}},"1":{"start":{"line":7,"column":40},"end":{"line":9,"column":1}},"2":{"start":{"line":11,"column":40},"end":{"line":14,"column":2}},"3":{"start":{"line":11,"column":51},"end":{"line":14,"column":1}},"4":{"start":{"line":16,"column":37},"end":{"line":19,"column":2}},"5":{"start":{"line":16,"column":49},"end":{"line":19,"column":1}}},"fnMap":{"0":{"name":"(anonymous_0)","decl":{"start":{"line":7,"column":33},"end":{"line":7,"column":34}},"loc":{"start":{"line":7,"column":40},"end":{"line":9,"column":1}},"line":7},"1":{"name":"(anonymous_1)","decl":{"start":{"line":11,"column":40},"end":{"line":11,"column":41}},"loc":{"start":{"line":11,"column":51},"end":{"line":14,"column":1}},"line":11},"2":{"name":"(anonymous_2)","decl":{"start":{"line":16,"column":37},"end":{"line":16,"column":38}},"loc":{"start":{"line":16,"column":49},"end":{"line":19,"column":1}},"line":16}},"branchMap":{},"s":{"0":3,"1":2,"2":3,"3":4,"4":3,"5":4},"f":{"0":2,"1":4,"2":4},"b":{},"_coverageSchema":"43e27e138ebf9cfc5966b082cf9a028302ed4184","hash":"ff64045582d35b753c4415d3e24dd78378182de8"}
,"C:\\Projects\\ny-times-articles\\src\\api\\index.js": {"path":"C:\\Projects\\ny-times-articles\\src\\api\\index.js","statementMap":{"0":{"start":{"line":1,"column":23},"end":{"line":11,"column":1}},"1":{"start":{"line":2,"column":18},"end":{"line":2,"column":48}},"2":{"start":{"line":4,"column":19},"end":{"line":8,"column":4}},"3":{"start":{"line":10,"column":2},"end":{"line":10,"column":25}},"4":{"start":{"line":13,"column":16},"end":{"line":13,"column":24}},"5":{"start":{"line":14,"column":15},"end":{"line":14,"column":18}},"6":{"start":{"line":16,"column":16},"end":{"line":16,"column":50}},"7":{"start":{"line":17,"column":21},"end":{"line":17,"column":66}},"8":{"start":{"line":19,"column":33},"end":{"line":23,"column":3}},"9":{"start":{"line":20,"column":2},"end":{"line":23,"column":3}}},"fnMap":{"0":{"name":"(anonymous_0)","decl":{"start":{"line":1,"column":23},"end":{"line":1,"column":24}},"loc":{"start":{"line":1,"column":57},"end":{"line":11,"column":1}},"line":1},"1":{"name":"(anonymous_1)","decl":{"start":{"line":19,"column":33},"end":{"line":19,"column":34}},"loc":{"start":{"line":20,"column":2},"end":{"line":23,"column":3}},"line":20}},"branchMap":{},"s":{"0":1,"1":0,"2":0,"3":0,"4":1,"5":1,"6":1,"7":1,"8":1,"9":0},"f":{"0":0,"1":0},"b":{},"_coverageSchema":"43e27e138ebf9cfc5966b082cf9a028302ed4184","hash":"d3806489bf86c80c55aa5041f4791b523651a69b"}
,"C:\\Projects\\ny-times-articles\\src\\components\\index.js": {"path":"C:\\Projects\\ny-times-articles\\src\\components\\index.js","statementMap":{},"fnMap":{},"branchMap":{},"s":{},"f":{},"b":{},"_coverageSchema":"43e27e138ebf9cfc5966b082cf9a028302ed4184","hash":"52a813b64a10be127c441f1f67abbb555fb3668d"}
,"C:\\Projects\\ny-times-articles\\src\\components\\Article\\index.js": {"path":"C:\\Projects\\ny-times-articles\\src\\components\\Article\\index.js","statementMap":{"0":{"start":{"line":6,"column":16},"end":{"line":35,"column":1}},"1":{"start":{"line":14,"column":2},"end":{"line":34,"column":12}},"2":{"start":{"line":37,"column":0},"end":{"line":44,"column":2}}},"fnMap":{"0":{"name":"(anonymous_0)","decl":{"start":{"line":6,"column":16},"end":{"line":6,"column":17}},"loc":{"start":{"line":14,"column":2},"end":{"line":34,"column":12}},"line":14}},"branchMap":{"0":{"loc":{"start":{"line":18,"column":8},"end":{"line":20,"column":41}},"type":"binary-expr","locations":[{"start":{"line":18,"column":8},"end":{"line":18,"column":16}},{"start":{"line":19,"column":8},"end":{"line":19,"column":34}},{"start":{"line":20,"column":8},"end":{"line":20,"column":41}}],"line":18},"1":{"loc":{"start":{"line":25,"column":38},"end":{"line":25,"column":66}},"type":"cond-expr","locations":[{"start":{"line":25,"column":53},"end":{"line":25,"column":58}},{"start":{"line":25,"column":61},"end":{"line":25,"column":66}}],"line":25},"2":{"loc":{"start":{"line":27,"column":40},"end":{"line":27,"column":71}},"type":"cond-expr","locations":[{"start":{"line":27,"column":56},"end":{"line":27,"column":62}},{"start":{"line":27,"column":65},"end":{"line":27,"column":71}}],"line":27},"3":{"loc":{"start":{"line":29,"column":11},"end":{"line":29,"column":57}},"type":"cond-expr","locations":[{"start":{"line":29,"column":35},"end":{"line":29,"column":49}},{"start":{"line":29,"column":52},"end":{"line":29,"column":57}}],"line":29}},"s":{"0":4,"1":3,"2":4},"f":{"0":3},"b":{"0":[3,3,3],"1":[2,1],"2":[2,1],"3":[2,1]},"_coverageSchema":"43e27e138ebf9cfc5966b082cf9a028302ed4184","hash":"8f10a865322758e02ca86061c7e360ef4dd380e1"}
,"C:\\Projects\\ny-times-articles\\src\\components\\ArticleDetails\\index.js": {"path":"C:\\Projects\\ny-times-articles\\src\\components\\ArticleDetails\\index.js","statementMap":{"0":{"start":{"line":6,"column":23},"end":{"line":22,"column":1}},"1":{"start":{"line":7,"column":2},"end":{"line":21,"column":8}},"2":{"start":{"line":24,"column":0},"end":{"line":30,"column":2}}},"fnMap":{"0":{"name":"(anonymous_0)","decl":{"start":{"line":6,"column":23},"end":{"line":6,"column":24}},"loc":{"start":{"line":7,"column":2},"end":{"line":21,"column":8}},"line":7}},"branchMap":{"0":{"loc":{"start":{"line":15,"column":8},"end":{"line":17,"column":41}},"type":"binary-expr","locations":[{"start":{"line":15,"column":8},"end":{"line":15,"column":16}},{"start":{"line":16,"column":8},"end":{"line":16,"column":34}},{"start":{"line":17,"column":8},"end":{"line":17,"column":41}}],"line":15}},"s":{"0":4,"1":3,"2":4},"f":{"0":3},"b":{"0":[3,3,3]},"_coverageSchema":"43e27e138ebf9cfc5966b082cf9a028302ed4184","hash":"c3f5298b5f21d91c620f3687f27b61dd8e6fb2a2"}
,"C:\\Projects\\ny-times-articles\\src\\components\\Loader\\index.js": {"path":"C:\\Projects\\ny-times-articles\\src\\components\\Loader\\index.js","statementMap":{"0":{"start":{"line":6,"column":15},"end":{"line":10,"column":1}},"1":{"start":{"line":7,"column":2},"end":{"line":9,"column":8}},"2":{"start":{"line":12,"column":0},"end":{"line":14,"column":2}},"3":{"start":{"line":16,"column":0},"end":{"line":18,"column":2}}},"fnMap":{"0":{"name":"(anonymous_0)","decl":{"start":{"line":6,"column":15},"end":{"line":6,"column":16}},"loc":{"start":{"line":7,"column":2},"end":{"line":9,"column":8}},"line":7}},"branchMap":{},"s":{"0":4,"1":2,"2":4,"3":4},"f":{"0":2},"b":{},"_coverageSchema":"43e27e138ebf9cfc5966b082cf9a028302ed4184","hash":"0a1a26d0b554f1e7736a1bc8da7dce4e7ca5559a"}
,"C:\\Projects\\ny-times-articles\\src\\components\\Navbar\\index.js": {"path":"C:\\Projects\\ny-times-articles\\src\\components\\Navbar\\index.js","statementMap":{"0":{"start":{"line":6,"column":17},"end":{"line":6,"column":70}},"1":{"start":{"line":7,"column":19},"end":{"line":7,"column":56}},"2":{"start":{"line":8,"column":17},"end":{"line":8,"column":52}},"3":{"start":{"line":10,"column":15},"end":{"line":23,"column":1}},"4":{"start":{"line":11,"column":2},"end":{"line":22,"column":11}},"5":{"start":{"line":25,"column":0},"end":{"line":29,"column":2}},"6":{"start":{"line":31,"column":0},"end":{"line":36,"column":2}}},"fnMap":{"0":{"name":"(anonymous_0)","decl":{"start":{"line":10,"column":15},"end":{"line":10,"column":16}},"loc":{"start":{"line":11,"column":2},"end":{"line":22,"column":11}},"line":11}},"branchMap":{},"s":{"0":4,"1":4,"2":4,"3":4,"4":2,"5":4,"6":4},"f":{"0":2},"b":{},"_coverageSchema":"43e27e138ebf9cfc5966b082cf9a028302ed4184","hash":"9d4930ac291d57a5bb786698a90cdfac6d240850"}
,"C:\\Projects\\ny-times-articles\\src\\reducers\\articleReducer.js": {"path":"C:\\Projects\\ny-times-articles\\src\\reducers\\articleReducer.js","statementMap":{"0":{"start":{"line":7,"column":21},"end":{"line":12,"column":1}},"1":{"start":{"line":15,"column":2},"end":{"line":36,"column":3}},"2":{"start":{"line":17,"column":6},"end":{"line":20,"column":8}},"3":{"start":{"line":22,"column":6},"end":{"line":26,"column":8}},"4":{"start":{"line":28,"column":6},"end":{"line":33,"column":8}},"5":{"start":{"line":35,"column":6},"end":{"line":35,"column":19}}},"fnMap":{"0":{"name":"(anonymous_0)","decl":{"start":{"line":14,"column":15},"end":{"line":14,"column":16}},"loc":{"start":{"line":14,"column":54},"end":{"line":37,"column":1}},"line":14}},"branchMap":{"0":{"loc":{"start":{"line":14,"column":24},"end":{"line":14,"column":44}},"type":"default-arg","locations":[{"start":{"line":14,"column":32},"end":{"line":14,"column":44}}],"line":14},"1":{"loc":{"start":{"line":15,"column":2},"end":{"line":36,"column":3}},"type":"switch","locations":[{"start":{"line":16,"column":4},"end":{"line":20,"column":8}},{"start":{"line":21,"column":4},"end":{"line":26,"column":8}},{"start":{"line":27,"column":4},"end":{"line":33,"column":8}},{"start":{"line":34,"column":4},"end":{"line":35,"column":19}}],"line":15}},"s":{"0":2,"1":7,"2":1,"3":2,"4":2,"5":2},"f":{"0":7},"b":{"0":[2],"1":[1,2,2,2]},"_coverageSchema":"43e27e138ebf9cfc5966b082cf9a028302ed4184","hash":"cc1ee09a255be434e387a7093a6042009299928c"}
,"C:\\Projects\\ny-times-articles\\src\\sagas\\index.js": {"path":"C:\\Projects\\ny-times-articles\\src\\sagas\\index.js","statementMap":{"0":{"start":{"line":6,"column":31},"end":{"line":13,"column":1}},"1":{"start":{"line":7,"column":2},"end":{"line":12,"column":3}},"2":{"start":{"line":8,"column":17},"end":{"line":8,"column":46}},"3":{"start":{"line":9,"column":4},"end":{"line":9,"column":54}},"4":{"start":{"line":11,"column":4},"end":{"line":11,"column":44}},"5":{"start":{"line":16,"column":2},"end":{"line":16,"column":57}}},"fnMap":{"0":{"name":"(anonymous_0)","decl":{"start":{"line":6,"column":31},"end":{"line":6,"column":32}},"loc":{"start":{"line":6,"column":43},"end":{"line":13,"column":1}},"line":6},"1":{"name":"(anonymous_1)","decl":{"start":{"line":15,"column":15},"end":{"line":15,"column":16}},"loc":{"start":{"line":15,"column":27},"end":{"line":17,"column":1}},"line":15}},"branchMap":{},"s":{"0":1,"1":2,"2":2,"3":1,"4":1,"5":1},"f":{"0":2,"1":1},"b":{},"_coverageSchema":"43e27e138ebf9cfc5966b082cf9a028302ed4184","hash":"21195bce786cc7c7792688670615fc721a79a9d2"}
,"C:\\Projects\\ny-times-articles\\src\\utils\\index.js": {"path":"C:\\Projects\\ny-times-articles\\src\\utils\\index.js","statementMap":{"0":{"start":{"line":7,"column":20},"end":{"line":7,"column":25}},"1":{"start":{"line":9,"column":2},"end":{"line":15,"column":5}},"2":{"start":{"line":10,"column":21},"end":{"line":10,"column":34}},"3":{"start":{"line":11,"column":4},"end":{"line":14,"column":6}},"4":{"start":{"line":18,"column":2},"end":{"line":18,"column":71}},"5":{"start":{"line":19,"column":2},"end":{"line":19,"column":21}}},"fnMap":{"0":{"name":"getRoute","decl":{"start":{"line":6,"column":16},"end":{"line":6,"column":24}},"loc":{"start":{"line":6,"column":45},"end":{"line":20,"column":1}},"line":6},"1":{"name":"(anonymous_1)","decl":{"start":{"line":9,"column":30},"end":{"line":9,"column":31}},"loc":{"start":{"line":9,"column":41},"end":{"line":15,"column":3}},"line":9}},"branchMap":{"0":{"loc":{"start":{"line":6,"column":32},"end":{"line":6,"column":43}},"type":"default-arg","locations":[{"start":{"line":6,"column":41},"end":{"line":6,"column":43}}],"line":6}},"s":{"0":3,"1":3,"2":2,"3":2,"4":3,"5":3},"f":{"0":3,"1":2},"b":{"0":[1]},"_coverageSchema":"43e27e138ebf9cfc5966b082cf9a028302ed4184","hash":"9f6dde892f46c67daa64662333075ca40c3c7ceb"}
}
