TN:
SF:C:\Projects\ny-times-articles\src\actions\actionTypes.js
FNF:0
FNH:0
DA:1,3
DA:2,3
DA:3,3
LF:3
LH:3
BRF:0
BRH:0
end_of_record
TN:
SF:C:\Projects\ny-times-articles\src\actions\index.js
FN:7,(anonymous_0)
FN:11,(anonymous_1)
FN:16,(anonymous_2)
FNF:3
FNH:3
FNDA:2,(anonymous_0)
FNDA:4,(anonymous_1)
FNDA:4,(anonymous_2)
DA:7,3
DA:11,4
DA:16,4
LF:3
LH:3
BRF:0
BRH:0
end_of_record
TN:
SF:C:\Projects\ny-times-articles\src\api\index.js
FN:1,(anonymous_0)
FN:19,(anonymous_1)
FNF:2
FNH:0
FNDA:0,(anonymous_0)
FNDA:0,(anonymous_1)
DA:1,1
DA:2,0
DA:4,0
DA:10,0
DA:13,1
DA:14,1
DA:16,1
DA:17,1
DA:19,1
DA:20,0
LF:10
LH:6
BRF:0
BRH:0
end_of_record
TN:
SF:C:\Projects\ny-times-articles\src\components\index.js
FNF:0
FNH:0
LF:0
LH:0
BRF:0
BRH:0
end_of_record
TN:
SF:C:\Projects\ny-times-articles\src\components\Article\index.js
FN:8,(anonymous_0)
FNF:1
FNH:1
FNDA:3,(anonymous_0)
DA:8,4
DA:18,3
DA:41,4
LF:3
LH:3
BRDA:22,0,0,3
BRDA:22,0,1,3
BRDA:22,0,2,3
BRDA:29,1,0,2
BRDA:29,1,1,1
BRDA:31,2,0,2
BRDA:31,2,1,1
BRDA:33,3,0,2
BRDA:33,3,1,1
BRF:9
BRH:9
end_of_record
TN:
SF:C:\Projects\ny-times-articles\src\components\ArticleDetails\index.js
FN:6,(anonymous_0)
FNF:1
FNH:1
FNDA:3,(anonymous_0)
DA:6,4
DA:14,3
DA:31,4
LF:3
LH:3
BRDA:22,0,0,3
BRDA:22,0,1,3
BRDA:22,0,2,3
BRF:3
BRH:3
end_of_record
TN:
SF:C:\Projects\ny-times-articles\src\components\Loader\index.js
FN:6,(anonymous_0)
FNF:1
FNH:1
FNDA:2,(anonymous_0)
DA:6,4
DA:7,2
DA:12,4
DA:16,4
LF:4
LH:4
BRF:0
BRH:0
end_of_record
TN:
SF:C:\Projects\ny-times-articles\src\components\Navbar\index.js
FN:10,(anonymous_0)
FNF:1
FNH:1
FNDA:2,(anonymous_0)
DA:6,4
DA:7,4
DA:8,4
DA:10,4
DA:11,2
DA:25,4
DA:31,4
LF:7
LH:7
BRF:0
BRH:0
end_of_record
TN:
SF:C:\Projects\ny-times-articles\src\reducers\articleReducer.js
FN:14,(anonymous_0)
FNF:1
FNH:1
FNDA:7,(anonymous_0)
DA:7,2
DA:15,7
DA:17,1
DA:22,2
DA:28,2
DA:35,2
LF:6
LH:6
BRDA:14,0,0,2
BRDA:15,1,0,1
BRDA:15,1,1,2
BRDA:15,1,2,2
BRDA:15,1,3,2
BRF:5
BRH:5
end_of_record
TN:
SF:C:\Projects\ny-times-articles\src\routes\constants.js
FNF:0
FNH:0
DA:1,4
LF:1
LH:1
BRF:0
BRH:0
end_of_record
TN:
SF:C:\Projects\ny-times-articles\src\sagas\index.js
FN:6,(anonymous_0)
FN:15,(anonymous_1)
FNF:2
FNH:2
FNDA:2,(anonymous_0)
FNDA:1,(anonymous_1)
DA:6,1
DA:7,2
DA:8,2
DA:9,1
DA:11,1
DA:16,1
LF:6
LH:6
BRF:0
BRH:0
end_of_record
TN:
SF:C:\Projects\ny-times-articles\src\utils\index.js
FN:6,getRoute
FN:9,(anonymous_1)
FNF:2
FNH:2
FNDA:3,getRoute
FNDA:2,(anonymous_1)
DA:7,3
DA:9,3
DA:10,2
DA:11,2
DA:18,3
DA:19,3
LF:6
LH:6
BRDA:6,0,0,1
BRF:1
BRH:1
end_of_record
